# JRE version: OpenJDK Runtime Environment (16.0.2+7) (build 16.0.2+7-67)
# Java VM: OpenJDK 64-Bit Server VM (16.0.2+7-67, mixed mode, tiered, compressed oops, compressed class ptrs, g1 gc, linux-amd64)
GC Precious Log:
 CPUs: 4 total, 4 available
 Memory: 15903M
 Large Page Support: Disabled
 NUMA Support: Disabled
 Compressed Oops: Enabled (Zero based)
 Heap Region Size: 2M
 Heap Min Capacity: 8M
 Heap Initial Capacity: 250M
 Heap Max Capacity: 3976M
 Pre-touch: Disabled
 Parallel Workers: 4
 Concurrent Workers: 1
 Concurrent Refinement Workers: 4
 Periodic GC: Disabled
Heap:
 garbage-first heap   total 90112K, used 29463K [0x00000006c7800000, 0x00000007c0000000)
  region size 2048K, 5 young (10240K), 4 survivors (8192K)
 Metaspace       used 37799K, committed 38144K, reserved 1089536K
  class space    used 4338K, committed 4544K, reserved 1048576K
GC Heap History (20 events):
Event: 2,549 GC heap before
{Heap before GC invocations=4 (full 0):
 garbage-first heap   total 34816K, used 21257K [0x00000006c7800000, 0x00000007c0000000)
  region size 2048K, 10 young (20480K), 3 survivors (6144K)
 Metaspace       used 24266K, committed 24512K, reserved 1073152K
  class space    used 3017K, committed 3136K, reserved 1048576K
}
Event: 2,556 GC heap after
{Heap after GC invocations=5 (full 0):
 garbage-first heap   total 34816K, used 8656K [0x00000006c7800000, 0x00000007c0000000)
  region size 2048K, 1 young (2048K), 1 survivors (2048K)
 Metaspace       used 24266K, committed 24512K, reserved 1073152K
  class space    used 3017K, committed 3136K, reserved 1048576K
}
Event: 23,901 GC heap before
{Heap before GC invocations=5 (full 0):
 garbage-first heap   total 34816K, used 20944K [0x00000006c7800000, 0x00000007c0000000)
  region size 2048K, 7 young (14336K), 1 survivors (2048K)
 Metaspace       used 27791K, committed 28032K, reserved 1073152K
  class space    used 3457K, committed 3584K, reserved 1048576K
}
Event: 23,914 GC heap after
{Heap after GC invocations=6 (full 0):
 garbage-first heap   total 34816K, used 12973K [0x00000006c7800000, 0x00000007c0000000)
  region size 2048K, 1 young (2048K), 1 survivors (2048K)
 Metaspace       used 27791K, committed 28032K, reserved 1073152K
  class space    used 3457K, committed 3584K, reserved 1048576K
}
Event: 24,459 GC heap before
{Heap before GC invocations=6 (full 0):
 garbage-first heap   total 34816K, used 23213K [0x00000006c7800000, 0x00000007c0000000)
  region size 2048K, 6 young (12288K), 1 survivors (2048K)
 Metaspace       used 33196K, committed 33536K, reserved 1081344K
  class space    used 4018K, committed 4224K, reserved 1048576K
}
Event: 24,464 GC heap after
{Heap after GC invocations=7 (full 0):
 garbage-first heap   total 34816K, used 15013K [0x00000006c7800000, 0x00000007c0000000)
  region size 2048K, 1 young (2048K), 1 survivors (2048K)
 Metaspace       used 33196K, committed 33536K, reserved 1081344K
  class space    used 4018K, committed 4224K, reserved 1048576K
}
Event: 26,373 GC heap before
{Heap before GC invocations=7 (full 0):
 garbage-first heap   total 34816K, used 23205K [0x00000006c7800000, 0x00000007c0000000)
  region size 2048K, 5 young (10240K), 1 survivors (2048K)
 Metaspace       used 34384K, committed 34688K, reserved 1081344K
  class space    used 4099K, committed 4288K, reserved 1048576K
}
Event: 26,379 GC heap after
{Heap after GC invocations=8 (full 0):
 garbage-first heap   total 34816K, used 15707K [0x00000006c7800000, 0x00000007c0000000)
  region size 2048K, 1 young (2048K), 1 survivors (2048K)
 Metaspace       used 34384K, committed 34688K, reserved 1081344K
  class space    used 4099K, committed 4288K, reserved 1048576K
}
Event: 27,166 GC heap before
{Heap before GC invocations=8 (full 0):
 garbage-first heap   total 34816K, used 23899K [0x00000006c7800000, 0x00000007c0000000)
  region size 2048K, 5 young (10240K), 1 survivors (2048K)
 Metaspace       used 35240K, committed 35520K, reserved 1081344K
  class space    used 4182K, committed 4352K, reserved 1048576K
}
Event: 27,171 GC heap after
{Heap after GC invocations=9 (full 0):
 garbage-first heap   total 34816K, used 17118K [0x00000006c7800000, 0x00000007c0000000)
  region size 2048K, 1 young (2048K), 1 survivors (2048K)
 Metaspace       used 35240K, committed 35520K, reserved 1081344K
  class space    used 4182K, committed 4352K, reserved 1048576K
}
Event: 27,416 GC heap before
{Heap before GC invocations=10 (full 0):
 garbage-first heap   total 34816K, used 25310K [0x00000006c7800000, 0x00000007c0000000)
  region size 2048K, 5 young (10240K), 1 survivors (2048K)
 Metaspace       used 35517K, committed 35840K, reserved 1081344K
  class space    used 4191K, committed 4352K, reserved 1048576K
}
Event: 27,422 GC heap after
{Heap after GC invocations=11 (full 0):
 garbage-first heap   total 34816K, used 18751K [0x00000006c7800000, 0x00000007c0000000)
  region size 2048K, 1 young (2048K), 1 survivors (2048K)
 Metaspace       used 35517K, committed 35840K, reserved 1081344K
  class space    used 4191K, committed 4352K, reserved 1048576K
}
Event: 27,582 GC heap before
{Heap before GC invocations=11 (full 0):
 garbage-first heap   total 34816K, used 24895K [0x00000006c7800000, 0x00000007c0000000)
  region size 2048K, 4 young (8192K), 1 survivors (2048K)
 Metaspace       used 35726K, committed 36032K, reserved 1081344K
  class space    used 4193K, committed 4352K, reserved 1048576K
}
Event: 27,589 GC heap after
{Heap after GC invocations=12 (full 0):
 garbage-first heap   total 34816K, used 20576K [0x00000006c7800000, 0x00000007c0000000)
  region size 2048K, 1 young (2048K), 1 survivors (2048K)
 Metaspace       used 35726K, committed 36032K, reserved 1081344K
  class space    used 4193K, committed 4352K, reserved 1048576K
}
Event: 27,922 GC heap before
{Heap before GC invocations=13 (full 0):
 garbage-first heap   total 40960K, used 22624K [0x00000006c7800000, 0x00000007c0000000)
  region size 2048K, 3 young (6144K), 1 survivors (2048K)
 Metaspace       used 36049K, committed 36352K, reserved 1089536K
  class space    used 4211K, committed 4352K, reserved 1048576K
}
Event: 27,931 GC heap after
{Heap after GC invocations=14 (full 0):
 garbage-first heap   total 40960K, used 21447K [0x00000006c7800000, 0x00000007c0000000)
  region size 2048K, 1 young (2048K), 1 survivors (2048K)
 Metaspace       used 36049K, committed 36352K, reserved 1089536K
  class space    used 4211K, committed 4352K, reserved 1048576K
}
Event: 28,637 GC heap before
{Heap before GC invocations=14 (full 0):
 garbage-first heap   total 40960K, used 27591K [0x00000006c7800000, 0x00000007c0000000)
  region size 2048K, 4 young (8192K), 1 survivors (2048K)
 Metaspace       used 36514K, committed 36800K, reserved 1089536K
  class space    used 4267K, committed 4416K, reserved 1048576K
}
Event: 28,644 GC heap after
{Heap after GC invocations=15 (full 0):
 garbage-first heap   total 149504K, used 22506K [0x00000006c7800000, 0x00000007c0000000)
  region size 2048K, 1 young (2048K), 1 survivors (2048K)
 Metaspace       used 36514K, committed 36800K, reserved 1089536K
  class space    used 4267K, committed 4416K, reserved 1048576K
}
Event: 131,173 GC heap before
{Heap before GC invocations=16 (full 0):
 garbage-first heap   total 90112K, used 73706K [0x00000006c7800000, 0x00000007c0000000)
  region size 2048K, 26 young (53248K), 1 survivors (2048K)
 Metaspace       used 37799K, committed 38144K, reserved 1089536K
  class space    used 4338K, committed 4544K, reserved 1048576K
}
Event: 131,261 GC heap after
{Heap after GC invocations=17 (full 0):
 garbage-first heap   total 90112K, used 29463K [0x00000006c7800000, 0x00000007c0000000)
  region size 2048K, 4 young (8192K), 4 survivors (8192K)
 Metaspace       used 37799K, committed 38144K, reserved 1089536K
  class space    used 4338K, committed 4544K, reserved 1048576K
}

